
[1m============================================================[0m
[1m  API7 Enterprise 3.8.11 — Kubernetes Deployment[0m
[1m  Database  : Built-in PostgreSQL (builtin)[0m
[1m  Namespace : api7[0m
[1m  Action    : cp[0m
[1m============================================================[0m


[1m[0;36m▶ Preflight Checks[0m
[0;34m[INFO][0m  /usr/local/bin/kubectl — 
[0;34m[INFO][0m  /opt/homebrew/bin/helm — v4.1.1+g5caf004
[0;34m[INFO][0m  Cluster: orbstack
[0;32m[OK][0m    Preflight passed.

[1m[0;36m▶ Helm Repository[0m
[0;34m[INFO][0m  Repo 'api7' exists — updating...
Hang tight while we grab the latest from your chart repositories...
...Successfully got an update from the "api7" chart repository
Update Complete. ⎈Happy Helming!⎈
[0;34m[INFO][0m  Available api7ee3 chart versions:
NAME        	CHART VERSION	APP VERSION	DESCRIPTION                
api7/api7ee3	0.17.54      	3.9.11     	A Helm chart for Kubernetes
api7/api7ee3	0.17.53      	3.9.10     	A Helm chart for Kubernetes
api7/api7ee3	0.17.52      	3.9.10     	A Helm chart for Kubernetes
api7/api7ee3	0.17.51      	3.9.9      	A Helm chart for Kubernetes
api7/api7ee3	0.17.50      	3.9.8      	A Helm chart for Kubernetes
[0;32m[OK][0m    Helm repo ready.

[1m[0;36m▶ Namespace[0m
namespace/api7 configured
[0;32m[OK][0m    Namespace 'api7' ready.

[1m[0;36m▶ Control Plane — helm upgrade --install api7ee3[0m
[0;34m[INFO][0m  Resolving chart version for appVersion=3.8.11...
[0;32m[OK][0m    Chart version resolved: 0.17.22  (appVersion=3.8.11)
[0;34m[INFO][0m  Values file:
---
# cp-values.yaml — auto-generated by deploy-api7-k8s.sh
# Built-in PostgreSQL evaluation setup (see Step 4 in official docs)

postgresql:
  builtin: true
  primary:
    persistence:
      enabled: true
      size: 10Gi


dashboard_service:
  type: ClusterIP
---
Release "api7ee3" has been upgraded. Happy Helming!
NAME: api7ee3
LAST DEPLOYED: Wed May  6 15:22:51 2026
NAMESPACE: api7
STATUS: deployed
REVISION: 2
DESCRIPTION: Upgrade complete
TEST SUITE: None
NOTES:
1. Get the application URL by running these commands:
  export POD_NAME=$(kubectl get pods --namespace api7 -l "app.kubernetes.io/name=api7ee3,app.kubernetes.io/instance=api7ee3" -o jsonpath="{.items[0].metadata.name}")
  export CONTAINER_PORT=$(kubectl get pod --namespace api7 $POD_NAME -o jsonpath="{.spec.containers[0].ports[1].containerPort}")
  echo "Visit https://127.0.0.1:7443 to use your application"
  kubectl --namespace api7 port-forward $POD_NAME 7443:$CONTAINER_PORT
[0;32m[OK][0m    Control Plane deployed.

[0;34m[INFO][0m  Waiting for CP pods to be Ready (timeout 15 min)...
pod/api7ee3-dashboard-64f878d855-rc99c condition met
pod/api7ee3-developer-portal-665bd7f46c-d2hrp condition met
pod/api7ee3-dp-manager-746764c997-4qn2v condition met
[0;32m[OK][0m    All CP pods are Ready.
[0;34m[INFO][0m  Control Plane services:
NAME                       TYPE        CLUSTER-IP        EXTERNAL-IP   PORT(S)             AGE   SELECTOR
api7ee3-dashboard          ClusterIP   192.168.194.145   <none>        7080/TCP,7443/TCP   18m   app.kubernetes.io/component=dashboard,app.kubernetes.io/instance=api7ee3,app.kubernetes.io/name=api7ee3
api7ee3-developer-portal   ClusterIP   192.168.194.171   <none>        4321/TCP            18m   app.kubernetes.io/component=developer-portal,app.kubernetes.io/instance=api7ee3,app.kubernetes.io/name=api7ee3
api7ee3-dp-manager         ClusterIP   192.168.194.223   <none>        7900/TCP,7943/TCP   18m   app.kubernetes.io/component=dp-manager,app.kubernetes.io/instance=api7ee3,app.kubernetes.io/name=api7ee3

[1m[0;32mNext steps after CP is up:[0m
  1. Port-forward the dashboard:
       kubectl -n api7 port-forward svc/api7ee3-dashboard 7443:7443
  2. Open https://localhost:7443  (default: admin / admin)
  3. Activate your license.
  4. Set DP Manager address: https://api7ee3-dp-manager:7943
  5. Generate mTLS certs from the Dashboard → Gateway Instances.
  6. Run:  ./deploy-api7-k8s.sh dp   (after placing cert files in /tmp/)

